#
# There is insufficient memory for the Java Runtime Environment to continue.
# Native memory allocation (malloc) failed to allocate 1048576 bytes for AllocateHeap
# Possible reasons:
#   The system is out of physical RAM or swap space
#   The process is running with CompressedOops enabled, and the Java Heap may be blocking the growth of the native heap
# Possible solutions:
#   Reduce memory load on the system
#   Increase physical memory or swap space
#   Check if swap backing store is full
#   Decrease Java heap size (-Xmx/-Xms)
#   Decrease number of Java threads
#   Decrease Java thread stack sizes (-Xss)
#   Set larger code cache with -XX:ReservedCodeCacheSize=
#   JVM is running with Unscaled Compressed Oops mode in which the Java heap is
#     placed in the first 4GB address space. The Java Heap base address is the
#     maximum limit for the native heap growth. Please use -XX:HeapBaseMinAddress
#     to set the Java Heap base and to place the Java Heap above 4GB virtual address.
# This output file may be truncated or incomplete.
#
#  Out of Memory Error (memory/allocation.inline.hpp:61), pid=12616, tid=0x0000000000003408
#
# JRE version:  (8.0_202-b08) (build )
# Java VM: Java HotSpot(TM) 64-Bit Server VM (25.202-b08 mixed mode windows-amd64 compressed oops)
# Failed to write core dump. Minidumps are not enabled by default on client versions of Windows
#

---------------  T H R E A D  ---------------

Current thread (0x0000000002865800):  JavaThread "Unknown thread" [_thread_in_vm, id=13320, stack(0x0000000002250000,0x0000000002350000)]

Stack: [0x0000000002250000,0x0000000002350000]
[error occurred during error reporting (printing stack bounds), id 0xc0000005]

Native frames: (J=compiled Java code, j=interpreted, Vv=VM code, C=native code)


---------------  P R O C E S S  ---------------

Java Threads: ( => current thread )

Other Threads:

=>0x0000000002865800 (exited) JavaThread "Unknown thread" [_thread_in_vm, id=13320, stack(0x0000000002250000,0x0000000002350000)]

VM state:not at safepoint (normal execution)

VM Mutex/Monitor currently owned by a thread: None

heap address: 0x0000000082600000, size: 2010 MB, Compressed Oops mode: 32-bit
Narrow klass base: 0x0000000000000000, Narrow klass shift: 3
Compressed class space size: 1073741824 Address: 0x0000000100000000

Heap:
 PSYoungGen      total 37888K, used 655K [0x00000000d6200000, 0x00000000d8c00000, 0x0000000100000000)
  eden space 32768K, 2% used [0x00000000d6200000,0x00000000d62a3d80,0x00000000d8200000)
  from space 5120K, 0% used [0x00000000d8700000,0x00000000d8700000,0x00000000d8c00000)
  to   space 5120K, 0% used [0x00000000d8200000,0x00000000d8200000,0x00000000d8700000)
 ParOldGen       total 86016K, used 0K [0x0000000082600000, 0x0000000087a00000, 0x00000000d6200000)
  object space 86016K, 0% used [0x0000000082600000,0x0000000082600000,0x0000000087a00000)
 Metaspace       used 775K, capacity 4480K, committed 4480K, reserved 1056768K
  class space    used 76K, capacity 384K, committed 384K, reserved 1048576K

Card table byte_map: [0x0000000011d20000,0x0000000012110000] byte_map_base: 0x000000001190d000

Marking Bits: (ParMarkBitMap*) 0x0000000076f35ce0
 Begin Bits: [0x0000000012db0000, 0x0000000014d18000)
 End Bits:   [0x0000000014d18000, 0x0000000016c80000)

Polling page: 0x00000000009e0000

CodeCache: size=245760Kb used=328Kb max_used=328Kb free=245431Kb
 bounds [0x0000000002960000, 0x0000000002bd0000, 0x0000000011960000]
 total_blobs=58 nmethods=0 adapters=38
 compilation: enabled

Compilation events (0 events):
No events

GC Heap History (0 events):
No events

Deoptimization events (0 events):
No events

Classes redefined (0 events):
No events

Internal exceptions (0 events):
No events

Events (10 events):
Event: 0.024 loading class java/lang/Short
Event: 0.024 loading class java/lang/Short done
Event: 0.024 loading class java/lang/Integer
Event: 0.024 loading class java/lang/Integer done
Event: 0.024 loading class java/lang/Long
Event: 0.024 loading class java/lang/Long done
Event: 0.025 loading class java/lang/NullPointerException
Event: 0.025 loading class java/lang/NullPointerException done
Event: 0.025 loading class java/lang/ArithmeticException
Event: 0.025 loading class java/lang/ArithmeticException done


Dynamic libraries:
0x00007ff6e6d90000 - 0x00007ff6e6dc7000 	D:\jdk\jdk-8.20..2\bin\java.exe
0x00007ffd906f0000 - 0x00007ffd908e5000 	C:\Windows\SYSTEM32\ntdll.dll
0x00007ffd90310000 - 0x00007ffd903ce000 	C:\Windows\System32\KERNEL32.DLL
0x00007ffd8e030000 - 0x00007ffd8e2f8000 	C:\Windows\System32\KERNELBASE.dll
0x00007ffd8fb10000 - 0x00007ffd8fbbc000 	C:\Windows\System32\ADVAPI32.dll
0x00007ffd8f2a0000 - 0x00007ffd8f33e000 	C:\Windows\System32\msvcrt.dll
0x00007ffd8fc60000 - 0x00007ffd8fcfb000 	C:\Windows\System32\sechost.dll
0x00007ffd90580000 - 0x00007ffd906aa000 	C:\Windows\System32\RPCRT4.dll
0x00007ffd8f0f0000 - 0x00007ffd8f291000 	C:\Windows\System32\USER32.dll
0x00007ffd8e590000 - 0x00007ffd8e5b2000 	C:\Windows\System32\win32u.dll
0x00007ffd902e0000 - 0x00007ffd9030b000 	C:\Windows\System32\GDI32.dll
0x00007ffd8de10000 - 0x00007ffd8df1b000 	C:\Windows\System32\gdi32full.dll
0x00007ffd8e610000 - 0x00007ffd8e6ad000 	C:\Windows\System32\msvcp_win.dll
0x00007ffd8e490000 - 0x00007ffd8e590000 	C:\Windows\System32\ucrtbase.dll
0x00007ffd78e40000 - 0x00007ffd790da000 	C:\Windows\WinSxS\amd64_microsoft.windows.common-controls_6595b64144ccf1df_6.0.19041.1110_none_60b5254171f9507e\COMCTL32.dll
0x00007ffd8eee0000 - 0x00007ffd8ef10000 	C:\Windows\System32\IMM32.DLL
0x00000000501d0000 - 0x00000000502a2000 	D:\jdk\jdk-8.20..2\jre\bin\msvcr100.dll
0x0000000076710000 - 0x0000000076fb5000 	D:\jdk\jdk-8.20..2\jre\bin\server\jvm.dll
0x00007ffd8f0e0000 - 0x00007ffd8f0e8000 	C:\Windows\System32\PSAPI.DLL
0x00007ffd88db0000 - 0x00007ffd88db9000 	C:\Windows\SYSTEM32\WSOCK32.dll
0x00007ffd7a250000 - 0x00007ffd7a277000 	C:\Windows\SYSTEM32\WINMM.dll
0x00007ffd8fd00000 - 0x00007ffd8fd6b000 	C:\Windows\System32\WS2_32.dll
0x00007ffd84160000 - 0x00007ffd8416a000 	C:\Windows\SYSTEM32\VERSION.dll
0x00007ffd881e0000 - 0x00007ffd881ef000 	D:\jdk\jdk-8.20..2\jre\bin\verify.dll
0x00007ffd87120000 - 0x00007ffd87149000 	D:\jdk\jdk-8.20..2\jre\bin\java.dll
0x00007ffd74260000 - 0x00007ffd74283000 	D:\jdk\jdk-8.20..2\jre\bin\instrument.dll
0x00007ffd88130000 - 0x00007ffd88146000 	D:\jdk\jdk-8.20..2\jre\bin\zip.dll

VM Arguments:
jvm_args: -XX:TieredStopAtLevel=1 -Xverify:none -Dspring.output.ansi.enabled=always -Dcom.sun.management.jmxremote -Dspring.jmx.enabled=true -Dspring.liveBeansView.mbeanDomain -Dspring.application.admin.enabled=true -javaagent:D:\idea\lib\idea_rt.jar=4942:D:\idea\bin -Dfile.encoding=UTF-8 
java_command: com.yjxxt.crm.starter
java_class_path (initial): D:\jdk\jdk-8.20..2\jre\lib\charsets.jar;D:\jdk\jdk-8.20..2\jre\lib\deploy.jar;D:\jdk\jdk-8.20..2\jre\lib\ext\access-bridge-64.jar;D:\jdk\jdk-8.20..2\jre\lib\ext\cldrdata.jar;D:\jdk\jdk-8.20..2\jre\lib\ext\dnsns.jar;D:\jdk\jdk-8.20..2\jre\lib\ext\jaccess.jar;D:\jdk\jdk-8.20..2\jre\lib\ext\jfxrt.jar;D:\jdk\jdk-8.20..2\jre\lib\ext\localedata.jar;D:\jdk\jdk-8.20..2\jre\lib\ext\nashorn.jar;D:\jdk\jdk-8.20..2\jre\lib\ext\sunec.jar;D:\jdk\jdk-8.20..2\jre\lib\ext\sunjce_provider.jar;D:\jdk\jdk-8.20..2\jre\lib\ext\sunmscapi.jar;D:\jdk\jdk-8.20..2\jre\lib\ext\sunpkcs11.jar;D:\jdk\jdk-8.20..2\jre\lib\ext\zipfs.jar;D:\jdk\jdk-8.20..2\jre\lib\javaws.jar;D:\jdk\jdk-8.20..2\jre\lib\jce.jar;D:\jdk\jdk-8.20..2\jre\lib\jfr.jar;D:\jdk\jdk-8.20..2\jre\lib\jfxswt.jar;D:\jdk\jdk-8.20..2\jre\lib\jsse.jar;D:\jdk\jdk-8.20..2\jre\lib\management-agent.jar;D:\jdk\jdk-8.20..2\jre\lib\plugin.jar;D:\jdk\jdk-8.20..2\jre\lib\resources.jar;D:\jdk\jdk-8.20..2\jre\lib\rt.jar;E:\Biancheng\Java\1130crm_01\target\classes;D:\maven-repository\org\springframework\boot\spring-boot-starter-web\2.2.2.RELEASE\spring-boot-starter-web-2.2.2.RELEASE.jar;D:\maven-repository\org\springframework\boot\spring-boot-starter\2.2.2.RELEASE\spring-boot-starter-2.2.2.RELEASE.jar;D:\maven-repository\org\springframework\boot\spring-boot-starter-logging\2.2.2.RELEASE\spring-boot-starter-logging-2.2.2.RELEASE.jar;D:\maven-repository\ch\qos\logback\logback-classic\1.2.3\logback-classic-1.2.3.jar;D:\maven-repository\ch\qos\logback\logback-core\1.2.3\logback-core-1.2.3.jar;D:\maven-repository\org\apache\logging\log4j\log4j-to-slf4j\2.12.1\log4j-to-slf4j-2.12.1.jar;D:\maven-repository\org\apache\logging\log4j\log4j-api\2.12.1\log4j-api-2.12.1.jar;D:\maven-repository\org\slf4j\jul-to-slf4j\1.7.29\jul-to-slf4j-1.7.29.jar;D:\maven-repository\org\yaml\snakeyaml\1.25\snakeyaml-1.25.jar;D:\maven-repository\org\springframework\boot\spring-boot-starter-json\2.2.2.RELEASE\spring-boot-starter-json-2.2.2.RELEASE.ja
Launcher Type: SUN_STANDARD

Environment Variables:
JAVA_HOME=D:\jdk\jdk-8.20..2
PATH=C:\Program Files (x86)\Common Files\Oracle\Java\javapath;C:\Windows\system32;C:\Windows;C:\Windows\System32\Wbem;C:\Windows\System32\WindowsPowerShell\v1.0\;D:\jdk\jdk-8.20..2\bin;D:\maven-3.8.3\bin;C:\Users\ningmeng\AppData\Local\Microsoft\WindowsApps;;D:\idea\bin;
USERNAME=ningmeng
OS=Windows_NT
PROCESSOR_IDENTIFIER=Intel64 Family 6 Model 158 Stepping 10, GenuineIntel



---------------  S Y S T E M  ---------------

OS: Windows 10.0 , 64 bit Build 19041 (10.0.19041.1320)

CPU:total 12 (initial active 12) (6 cores per cpu, 2 threads per core) family 6 model 158 stepping 10, cmov, cx8, fxsr, mmx, sse, sse2, sse3, ssse3, sse4.1, sse4.2, popcnt, avx, avx2, aes, clmul, erms, 3dnowpref, lzcnt, ht, tsc, tscinvbit, bmi1, bmi2, adx

Memory: 4k page, physical 8231820k(1856308k free), swap 8231820k(214784k free)

vm_info: Java HotSpot(TM) 64-Bit Server VM (25.202-b08) for windows-amd64 JRE (1.8.0_202-b08), built on Dec 15 2018 19:54:30 by "java_re" with MS VC++ 10.0 (VS2010)

time: Fri Dec 03 19:36:15 2021
timezone: 中国标准时间
elapsed time: 0 seconds (0d 0h 0m 0s)

