#
# There is insufficient memory for the Java Runtime Environment to continue.
# Native memory allocation (malloc) failed to allocate 40976 bytes for Chunk::new
# Possible reasons:
#   The system is out of physical RAM or swap space
#   The process is running with CompressedOops enabled, and the Java Heap may be blocking the growth of the native heap
# Possible solutions:
#   Reduce memory load on the system
#   Increase physical memory or swap space
#   Check if swap backing store is full
#   Decrease Java heap size (-Xmx/-Xms)
#   Decrease number of Java threads
#   Decrease Java thread stack sizes (-Xss)
#   Set larger code cache with -XX:ReservedCodeCacheSize=
#   JVM is running with Unscaled Compressed Oops mode in which the Java heap is
#     placed in the first 4GB address space. The Java Heap base address is the
#     maximum limit for the native heap growth. Please use -XX:HeapBaseMinAddress
#     to set the Java Heap base and to place the Java Heap above 4GB virtual address.
# This output file may be truncated or incomplete.
#
#  Out of Memory Error (allocation.cpp:389), pid=10980, tid=0x0000000000001ebc
#
# JRE version: Java(TM) SE Runtime Environment (8.0_202-b08) (build 1.8.0_202-b08)
# Java VM: Java HotSpot(TM) 64-Bit Server VM (25.202-b08 mixed mode windows-amd64 compressed oops)
# Failed to write core dump. Minidumps are not enabled by default on client versions of Windows
#

---------------  T H R E A D  ---------------

Current thread (0x00000000194a0000):  JavaThread "C1 CompilerThread3" daemon [_thread_in_native, id=7868, stack(0x000000001ab00000,0x000000001ac00000)]

Stack: [0x000000001ab00000,0x000000001ac00000]
[error occurred during error reporting (printing stack bounds), id 0xc0000005]

Native frames: (J=compiled Java code, j=interpreted, Vv=VM code, C=native code)


Current CompileTask:
C1:  17449 4042       1       freemarker.core.FMParserTokenManager::TokenLexicalActions (5546 bytes)


---------------  P R O C E S S  ---------------

Java Threads: ( => current thread )
  0x000000001d009800 JavaThread "C3P0PooledConnectionPoolManager[identityToken->1hge1v1alwt8yuguqylpd|f100e39]-HelperThread-#2" daemon [_thread_blocked, id=5696, stack(0x000000001fda0000,0x000000001fea0000)]
  0x000000001d002000 JavaThread "C3P0PooledConnectionPoolManager[identityToken->1hge1v1alwt8yuguqylpd|f100e39]-HelperThread-#1" daemon [_thread_blocked, id=8388, stack(0x000000001fca0000,0x000000001fda0000)]
  0x000000001d009000 JavaThread "C3P0PooledConnectionPoolManager[identityToken->1hge1v1alwt8yuguqylpd|f100e39]-HelperThread-#0" daemon [_thread_blocked, id=10336, stack(0x000000001fba0000,0x000000001fca0000)]
  0x000000001d008000 JavaThread "C3P0PooledConnectionPoolManager[identityToken->1hge1v1alwt8yuguqylpd|f100e39]-AdminTaskTimer" daemon [_thread_blocked, id=7436, stack(0x000000001bad0000,0x000000001bbd0000)]
  0x000000001d000800 JavaThread "RMI TCP Connection(idle)" daemon [_thread_blocked, id=10688, stack(0x000000001b9d0000,0x000000001bad0000)]
  0x000000001d005000 JavaThread "DestroyJavaVM" [_thread_blocked, id=10020, stack(0x0000000002550000,0x0000000002650000)]
  0x000000001d007800 JavaThread "http-nio-8080-Acceptor" daemon [_thread_in_native, id=7476, stack(0x000000001f8a0000,0x000000001f9a0000)]
  0x000000001d006800 JavaThread "http-nio-8080-ClientPoller" daemon [_thread_in_native, id=10636, stack(0x000000001f7a0000,0x000000001f8a0000)]
  0x000000001d000000 JavaThread "http-nio-8080-exec-10" daemon [_thread_blocked, id=10408, stack(0x000000001f6a0000,0x000000001f7a0000)]
  0x000000001d006000 JavaThread "http-nio-8080-exec-9" daemon [_thread_blocked, id=10704, stack(0x000000001f5a0000,0x000000001f6a0000)]
  0x000000001cffe800 JavaThread "http-nio-8080-exec-8" daemon [_thread_blocked, id=11084, stack(0x000000001f4a0000,0x000000001f5a0000)]
  0x000000001d004800 JavaThread "http-nio-8080-exec-7" daemon [_thread_blocked, id=8180, stack(0x000000001f3a0000,0x000000001f4a0000)]
  0x000000001cffd800 JavaThread "http-nio-8080-exec-6" daemon [_thread_blocked, id=7468, stack(0x000000001f2a0000,0x000000001f3a0000)]
  0x000000001cfff000 JavaThread "http-nio-8080-exec-5" daemon [_thread_blocked, id=8652, stack(0x000000001f1a0000,0x000000001f2a0000)]
  0x000000001cffd000 JavaThread "http-nio-8080-exec-4" daemon [_thread_blocked, id=6672, stack(0x000000001f0a0000,0x000000001f1a0000)]
  0x000000001d003800 JavaThread "http-nio-8080-exec-3" daemon [_thread_blocked, id=6088, stack(0x000000001efa0000,0x000000001f0a0000)]
  0x000000001d001800 JavaThread "http-nio-8080-exec-2" daemon [_thread_blocked, id=11096, stack(0x000000001eea0000,0x000000001efa0000)]
  0x000000001cd1b800 JavaThread "http-nio-8080-exec-1" daemon [_thread_in_Java, id=9944, stack(0x000000001eda0000,0x000000001eea0000)]
  0x000000001cd1b000 JavaThread "http-nio-8080-BlockPoller" daemon [_thread_in_native, id=11200, stack(0x000000001eca0000,0x000000001eda0000)]
  0x000000001cd1d000 JavaThread "Live Reload Server" daemon [_thread_in_native, id=6348, stack(0x000000001eba0000,0x000000001eca0000)]
  0x000000001cd1e000 JavaThread "File Watcher" daemon [_thread_blocked, id=10596, stack(0x000000001eaa0000,0x000000001eba0000)]
  0x000000001cd1c800 JavaThread "mysql-cj-abandoned-connection-cleanup" daemon [_thread_blocked, id=9452, stack(0x000000001e3a0000,0x000000001e4a0000)]
  0x000000001cd18000 JavaThread "container-0" [_thread_blocked, id=9968, stack(0x000000001e2a0000,0x000000001e3a0000)]
  0x000000001cd17800 JavaThread "Catalina-utility-2" [_thread_blocked, id=11052, stack(0x000000001e1a0000,0x000000001e2a0000)]
  0x000000001cd13800 JavaThread "Catalina-utility-1" [_thread_blocked, id=8428, stack(0x000000001bbd0000,0x000000001bcd0000)]
  0x000000001b37a800 JavaThread "RMI Scheduler(0)" daemon [_thread_blocked, id=6220, stack(0x000000001c2d0000,0x000000001c3d0000)]
  0x00000000192e9800 JavaThread "RMI TCP Connection(3)-192.168.4.237" daemon [_thread_in_native, id=3676, stack(0x000000001c0d0000,0x000000001c1d0000)]
  0x000000001aec6000 JavaThread "RMI TCP Accept-0" daemon [_thread_in_native, id=7464, stack(0x000000001b520000,0x000000001b620000)]
  0x00000000194b4800 JavaThread "Service Thread" daemon [_thread_blocked, id=9484, stack(0x000000001b400000,0x000000001b500000)]
=>0x00000000194a0000 JavaThread "C1 CompilerThread3" daemon [_thread_in_native, id=7868, stack(0x000000001ab00000,0x000000001ac00000)]
  0x0000000019497000 JavaThread "C2 CompilerThread2" daemon [_thread_blocked, id=7472, stack(0x000000001aa00000,0x000000001ab00000)]
  0x0000000019494800 JavaThread "C2 CompilerThread1" daemon [_thread_blocked, id=7144, stack(0x000000001a900000,0x000000001aa00000)]
  0x000000001948b000 JavaThread "C2 CompilerThread0" daemon [_thread_blocked, id=10432, stack(0x000000001a800000,0x000000001a900000)]
  0x00000000194b7800 JavaThread "Monitor Ctrl-Break" daemon [_thread_in_native, id=9000, stack(0x000000001a700000,0x000000001a800000)]
  0x000000001919a800 JavaThread "Attach Listener" daemon [_thread_blocked, id=9132, stack(0x000000001a5f0000,0x000000001a6f0000)]
  0x0000000019146000 JavaThread "Signal Dispatcher" daemon [_thread_blocked, id=3148, stack(0x000000001a4f0000,0x000000001a5f0000)]
  0x0000000017a44800 JavaThread "Finalizer" daemon [_thread_blocked, id=9360, stack(0x000000001a380000,0x000000001a480000)]
  0x000000000293e000 JavaThread "Reference Handler" daemon [_thread_blocked, id=2692, stack(0x000000001a280000,0x000000001a380000)]

Other Threads:
  0x0000000019102800 VMThread [stack: 0x000000001a180000,0x000000001a280000] [id=9296]
  0x000000001aece000 WatcherThread [stack: 0x000000001b620000,0x000000001b720000] [id=2324]

VM state:not at safepoint (normal execution)

VM Mutex/Monitor currently owned by a thread: None

heap address: 0x0000000082600000, size: 2010 MB, Compressed Oops mode: 32-bit
Narrow klass base: 0x0000000000000000, Narrow klass shift: 3
Compressed class space size: 1073741824 Address: 0x0000000100000000

Heap:
 PSYoungGen      total 142336K, used 69158K [0x00000000d6200000, 0x00000000e0480000, 0x0000000100000000)
  eden space 134144K, 45% used [0x00000000d6200000,0x00000000d9da5590,0x00000000de500000)
  from space 8192K, 98% used [0x00000000dfc80000,0x00000000e0464340,0x00000000e0480000)
  to   space 11264K, 0% used [0x00000000dee80000,0x00000000dee80000,0x00000000df980000)
 ParOldGen       total 91648K, used 14365K [0x0000000082600000, 0x0000000087f80000, 0x00000000d6200000)
  object space 91648K, 15% used [0x0000000082600000,0x00000000834076a8,0x0000000087f80000)
 Metaspace       used 44118K, capacity 46441K, committed 46720K, reserved 1089536K
  class space    used 5764K, capacity 6214K, committed 6272K, reserved 1048576K

Card table byte_map: [0x0000000011d00000,0x00000000120f0000] byte_map_base: 0x00000000118ed000

Marking Bits: (ParMarkBitMap*) 0x0000000066575ce0
 Begin Bits: [0x0000000012d90000, 0x0000000014cf8000)
 End Bits:   [0x0000000014cf8000, 0x0000000016c60000)

Polling page: 0x0000000002650000

CodeCache: size=245760Kb used=7771Kb max_used=7836Kb free=237988Kb
 bounds [0x0000000002940000, 0x00000000030f0000, 0x0000000011940000]
 total_blobs=4504 nmethods=3975 adapters=441
 compilation: enabled

Compilation events (10 events):
Event: 17.398 Thread 0x00000000194a0000 nmethod 4033 0x0000000002d57f90 code [0x0000000002d58240, 0x0000000002d58d28]
Event: 17.398 Thread 0x00000000194a0000 4034       1       freemarker.core.SimpleCharStream::GetImage (97 bytes)
Event: 17.399 Thread 0x00000000194a0000 nmethod 4034 0x0000000002ec36d0 code [0x0000000002ec3880, 0x0000000002ec3d58]
Event: 17.399 Thread 0x00000000194a0000 4035       1       freemarker.core.SimpleCharStream::BeginToken (20 bytes)
Event: 17.399 Thread 0x00000000194a0000 nmethod 4035 0x0000000002c6dd50 code [0x0000000002c6dea0, 0x0000000002c6dfe8]
Event: 17.399 Thread 0x00000000194a0000 4036       1       freemarker.core.FMParserTokenManager::jjFillToken (97 bytes)
Event: 17.400 Thread 0x00000000194a0000 nmethod 4036 0x0000000002fa7c50 code [0x0000000002fa7dc0, 0x0000000002fa8068]
Event: 17.400 Thread 0x00000000194a0000 4043       1       freemarker.core.FMParser::jj_consume_token (170 bytes)
Event: 17.401 Thread 0x00000000194a0000 nmethod 4043 0x0000000002b92850 code [0x0000000002b929c0, 0x0000000002b92c78]
Event: 17.401 Thread 0x00000000194a0000 4042       1       freemarker.core.FMParserTokenManager::TokenLexicalActions (5546 bytes)

GC Heap History (10 events):
Event: 3.050 GC heap before
{Heap before GC invocations=6 (full 1):
 PSYoungGen      total 70656K, used 65536K [0x00000000d6200000, 0x00000000dac00000, 0x0000000100000000)
  eden space 65536K, 100% used [0x00000000d6200000,0x00000000da200000,0x00000000da200000)
  from space 5120K, 0% used [0x00000000da700000,0x00000000da700000,0x00000000dac00000)
  to   space 5120K, 0% used [0x00000000da200000,0x00000000da200000,0x00000000da700000)
 ParOldGen       total 58368K, used 8195K [0x0000000082600000, 0x0000000085f00000, 0x00000000d6200000)
  object space 58368K, 14% used [0x0000000082600000,0x0000000082e00e20,0x0000000085f00000)
 Metaspace       used 23002K, capacity 24068K, committed 24448K, reserved 1071104K
  class space    used 3129K, capacity 3352K, committed 3456K, reserved 1048576K
Event: 3.057 GC heap after
Heap after GC invocations=6 (full 1):
 PSYoungGen      total 70656K, used 5078K [0x00000000d6200000, 0x00000000dd700000, 0x0000000100000000)
  eden space 65536K, 0% used [0x00000000d6200000,0x00000000d6200000,0x00000000da200000)
  from space 5120K, 99% used [0x00000000da200000,0x00000000da6f5a20,0x00000000da700000)
  to   space 9216K, 0% used [0x00000000dce00000,0x00000000dce00000,0x00000000dd700000)
 ParOldGen       total 58368K, used 8203K [0x0000000082600000, 0x0000000085f00000, 0x00000000d6200000)
  object space 58368K, 14% used [0x0000000082600000,0x0000000082e02e20,0x0000000085f00000)
 Metaspace       used 23002K, capacity 24068K, committed 24448K, reserved 1071104K
  class space    used 3129K, capacity 3352K, committed 3456K, reserved 1048576K
}
Event: 3.992 GC heap before
{Heap before GC invocations=7 (full 1):
 PSYoungGen      total 70656K, used 70614K [0x00000000d6200000, 0x00000000dd700000, 0x0000000100000000)
  eden space 65536K, 100% used [0x00000000d6200000,0x00000000da200000,0x00000000da200000)
  from space 5120K, 99% used [0x00000000da200000,0x00000000da6f5a20,0x00000000da700000)
  to   space 9216K, 0% used [0x00000000dce00000,0x00000000dce00000,0x00000000dd700000)
 ParOldGen       total 58368K, used 8203K [0x0000000082600000, 0x0000000085f00000, 0x00000000d6200000)
  object space 58368K, 14% used [0x0000000082600000,0x0000000082e02e20,0x0000000085f00000)
 Metaspace       used 27603K, capacity 29240K, committed 29568K, reserved 1075200K
  class space    used 3790K, capacity 4140K, committed 4224K, reserved 1048576K
Event: 4.000 GC heap after
Heap after GC invocations=7 (full 1):
 PSYoungGen      total 107520K, used 8694K [0x00000000d6200000, 0x00000000dd680000, 0x0000000100000000)
  eden space 98816K, 0% used [0x00000000d6200000,0x00000000d6200000,0x00000000dc280000)
  from space 8704K, 99% used [0x00000000dce00000,0x00000000dd67d8c0,0x00000000dd680000)
  to   space 10240K, 0% used [0x00000000dc280000,0x00000000dc280000,0x00000000dcc80000)
 ParOldGen       total 58368K, used 8211K [0x0000000082600000, 0x0000000085f00000, 0x00000000d6200000)
  object space 58368K, 14% used [0x0000000082600000,0x0000000082e04e20,0x0000000085f00000)
 Metaspace       used 27603K, capacity 29240K, committed 29568K, reserved 1075200K
  class space    used 3790K, capacity 4140K, committed 4224K, reserved 1048576K
}
Event: 4.784 GC heap before
{Heap before GC invocations=8 (full 1):
 PSYoungGen      total 107520K, used 69152K [0x00000000d6200000, 0x00000000dd680000, 0x0000000100000000)
  eden space 98816K, 61% used [0x00000000d6200000,0x00000000d9d0aaa0,0x00000000dc280000)
  from space 8704K, 99% used [0x00000000dce00000,0x00000000dd67d8c0,0x00000000dd680000)
  to   space 10240K, 0% used [0x00000000dc280000,0x00000000dc280000,0x00000000dcc80000)
 ParOldGen       total 58368K, used 8211K [0x0000000082600000, 0x0000000085f00000, 0x00000000d6200000)
  object space 58368K, 14% used [0x0000000082600000,0x0000000082e04e20,0x0000000085f00000)
 Metaspace       used 33596K, capacity 35296K, committed 35456K, reserved 1079296K
  class space    used 4553K, capacity 4924K, committed 4992K, reserved 1048576K
Event: 4.795 GC heap after
Heap after GC invocations=8 (full 1):
 PSYoungGen      total 109056K, used 9576K [0x00000000d6200000, 0x00000000e0780000, 0x0000000100000000)
  eden space 98816K, 0% used [0x00000000d6200000,0x00000000d6200000,0x00000000dc280000)
  from space 10240K, 93% used [0x00000000dc280000,0x00000000dcbda3e0,0x00000000dcc80000)
  to   space 11264K, 0% used [0x00000000dfc80000,0x00000000dfc80000,0x00000000e0780000)
 ParOldGen       total 58368K, used 8283K [0x0000000082600000, 0x0000000085f00000, 0x00000000d6200000)
  object space 58368K, 14% used [0x0000000082600000,0x0000000082e16e30,0x0000000085f00000)
 Metaspace       used 33596K, capacity 35296K, committed 35456K, reserved 1079296K
  class space    used 4553K, capacity 4924K, committed 4992K, reserved 1048576K
}
Event: 4.795 GC heap before
{Heap before GC invocations=9 (full 2):
 PSYoungGen      total 109056K, used 9576K [0x00000000d6200000, 0x00000000e0780000, 0x0000000100000000)
  eden space 98816K, 0% used [0x00000000d6200000,0x00000000d6200000,0x00000000dc280000)
  from space 10240K, 93% used [0x00000000dc280000,0x00000000dcbda3e0,0x00000000dcc80000)
  to   space 11264K, 0% used [0x00000000dfc80000,0x00000000dfc80000,0x00000000e0780000)
 ParOldGen       total 58368K, used 8283K [0x0000000082600000, 0x0000000085f00000, 0x00000000d6200000)
  object space 58368K, 14% used [0x0000000082600000,0x0000000082e16e30,0x0000000085f00000)
 Metaspace       used 33596K, capacity 35296K, committed 35456K, reserved 1079296K
  class space    used 4553K, capacity 4924K, committed 4992K, reserved 1048576K
Event: 4.875 GC heap after
Heap after GC invocations=9 (full 2):
 PSYoungGen      total 109056K, used 0K [0x00000000d6200000, 0x00000000e0780000, 0x0000000100000000)
  eden space 98816K, 0% used [0x00000000d6200000,0x00000000d6200000,0x00000000dc280000)
  from space 10240K, 0% used [0x00000000dc280000,0x00000000dc280000,0x00000000dcc80000)
  to   space 11264K, 0% used [0x00000000dfc80000,0x00000000dfc80000,0x00000000e0780000)
 ParOldGen       total 91648K, used 14357K [0x0000000082600000, 0x0000000087f80000, 0x00000000d6200000)
  object space 91648K, 15% used [0x0000000082600000,0x00000000834056a8,0x0000000087f80000)
 Metaspace       used 33596K, capacity 35296K, committed 35456K, reserved 1079296K
  class space    used 4553K, capacity 4924K, committed 4992K, reserved 1048576K
}
Event: 15.717 GC heap before
{Heap before GC invocations=10 (full 2):
 PSYoungGen      total 109056K, used 98816K [0x00000000d6200000, 0x00000000e0780000, 0x0000000100000000)
  eden space 98816K, 100% used [0x00000000d6200000,0x00000000dc280000,0x00000000dc280000)
  from space 10240K, 0% used [0x00000000dc280000,0x00000000dc280000,0x00000000dcc80000)
  to   space 11264K, 0% used [0x00000000dfc80000,0x00000000dfc80000,0x00000000e0780000)
 ParOldGen       total 91648K, used 14357K [0x0000000082600000, 0x0000000087f80000, 0x00000000d6200000)
  object space 91648K, 15% used [0x0000000082600000,0x00000000834056a8,0x0000000087f80000)
 Metaspace       used 38738K, capacity 40868K, committed 41088K, reserved 1085440K
  class space    used 5242K, capacity 5645K, committed 5760K, reserved 1048576K
Event: 15.732 GC heap after
Heap after GC invocations=10 (full 2):
 PSYoungGen      total 142336K, used 8080K [0x00000000d6200000, 0x00000000e0480000, 0x0000000100000000)
  eden space 134144K, 0% used [0x00000000d6200000,0x00000000d6200000,0x00000000de500000)
  from space 8192K, 98% used [0x00000000dfc80000,0x00000000e0464340,0x00000000e0480000)
  to   space 11264K, 0% used [0x00000000dee80000,0x00000000dee80000,0x00000000df980000)
 ParOldGen       total 91648K, used 14365K [0x0000000082600000, 0x0000000087f80000, 0x00000000d6200000)
  object space 91648K, 15% used [0x0000000082600000,0x00000000834076a8,0x0000000087f80000)
 Metaspace       used 38738K, capacity 40868K, committed 41088K, reserved 1085440K
  class space    used 5242K, capacity 5645K, committed 5760K, reserved 1048576K
}

Deoptimization events (0 events):
No events

Classes redefined (0 events):
No events

Internal exceptions (10 events):
Event: 15.806 Thread 0x000000001cd1b800 Exception <a 'java/lang/ClassNotFoundException': com/mchange/v2/c3p0/impl/AbstractIdentityTokenizedCustomizer> (0x00000000d671b9c0) thrown at [C:\re\workspace\8-2-build-windows-amd64-cygwin\jdk8u202\12323\hotspot\src\share\vm\classfile\systemDictionary.cp
Event: 15.807 Thread 0x000000001cd1b800 Exception <a 'java/lang/ClassNotFoundException': com/mchange/v2/c3p0/impl/IdentityTokenResolvableCustomizer> (0x00000000d6733f38) thrown at [C:\re\workspace\8-2-build-windows-amd64-cygwin\jdk8u202\12323\hotspot\src\share\vm\classfile\systemDictionary.cpp,
Event: 15.808 Thread 0x000000001cd1b800 Exception <a 'java/lang/ClassNotFoundException': com/mchange/v2/c3p0/impl/PoolBackedDataSourceBaseCustomizer> (0x00000000d674d1e0) thrown at [C:\re\workspace\8-2-build-windows-amd64-cygwin\jdk8u202\12323\hotspot\src\share\vm\classfile\systemDictionary.cpp
Event: 15.810 Thread 0x000000001cd1b800 Exception <a 'java/lang/ClassNotFoundException': com/mchange/v2/c3p0/impl/AbstractPoolBackedDataSourceCustomizer> (0x00000000d67834b8) thrown at [C:\re\workspace\8-2-build-windows-amd64-cygwin\jdk8u202\12323\hotspot\src\share\vm\classfile\systemDictionary
Event: 15.810 Thread 0x000000001cd1b800 Exception <a 'java/lang/ArrayIndexOutOfBoundsException'> (0x00000000d678b5a0) thrown at [C:\re\workspace\8-2-build-windows-amd64-cygwin\jdk8u202\12323\hotspot\src\share\vm\runtime\sharedRuntime.cpp, line 605]
Event: 15.810 Thread 0x000000001cd1b800 Exception <a 'java/lang/ArrayIndexOutOfBoundsException'> (0x00000000d678e3e0) thrown at [C:\re\workspace\8-2-build-windows-amd64-cygwin\jdk8u202\12323\hotspot\src\share\vm\runtime\sharedRuntime.cpp, line 605]
Event: 15.813 Thread 0x000000001cd1b800 Exception <a 'java/lang/ClassNotFoundException': com/mchange/v2/c3p0/AbstractComboPooledDataSourceCustomizer> (0x00000000d67f35e8) thrown at [C:\re\workspace\8-2-build-windows-amd64-cygwin\jdk8u202\12323\hotspot\src\share\vm\classfile\systemDictionary.cpp
Event: 15.813 Thread 0x000000001cd1b800 Exception <a 'java/lang/ArrayIndexOutOfBoundsException'> (0x00000000d67ff590) thrown at [C:\re\workspace\8-2-build-windows-amd64-cygwin\jdk8u202\12323\hotspot\src\share\vm\runtime\sharedRuntime.cpp, line 605]
Event: 15.813 Thread 0x000000001cd1b800 Exception <a 'java/lang/ArrayIndexOutOfBoundsException'> (0x00000000d6802eb8) thrown at [C:\re\workspace\8-2-build-windows-amd64-cygwin\jdk8u202\12323\hotspot\src\share\vm\runtime\sharedRuntime.cpp, line 605]
Event: 15.818 Thread 0x000000001cd1b800 Exception <a 'java/lang/ClassNotFoundException': com/mchange/v2/c3p0/ComboPooledDataSourceCustomizer> (0x00000000d6880cb0) thrown at [C:\re\workspace\8-2-build-windows-amd64-cygwin\jdk8u202\12323\hotspot\src\share\vm\classfile\systemDictionary.cpp, line 2

Events (10 events):
Event: 17.438 loading class org/apache/catalina/connector/CoyoteWriter
Event: 17.438 loading class org/apache/catalina/connector/CoyoteWriter done
Event: 17.442 Executing VM operation: RevokeBias
Event: 17.442 Executing VM operation: RevokeBias done
Event: 17.443 loading class freemarker/core/Environment$5
Event: 17.443 loading class freemarker/core/Environment$5 done
Event: 17.444 loading class freemarker/core/Environment$Namespace
Event: 17.445 loading class freemarker/core/Environment$Namespace done
Event: 17.446 loading class freemarker/core/EvalUtil
Event: 17.446 loading class freemarker/core/EvalUtil done


Dynamic libraries:
0x00007ff638530000 - 0x00007ff638567000 	D:\jdk\jdk-8.20..2\bin\java.exe
0x00007ffaa2f90000 - 0x00007ffaa3185000 	C:\Windows\SYSTEM32\ntdll.dll
0x00007ffaa20d0000 - 0x00007ffaa218e000 	C:\Windows\System32\KERNEL32.DLL
0x00007ffaa0b40000 - 0x00007ffaa0e08000 	C:\Windows\System32\KERNELBASE.dll
0x00007ffaa1040000 - 0x00007ffaa10ec000 	C:\Windows\System32\ADVAPI32.dll
0x00007ffaa2190000 - 0x00007ffaa222e000 	C:\Windows\System32\msvcrt.dll
0x00007ffaa2a70000 - 0x00007ffaa2b0b000 	C:\Windows\System32\sechost.dll
0x00007ffaa1f60000 - 0x00007ffaa208a000 	C:\Windows\System32\RPCRT4.dll
0x00007ffaa1650000 - 0x00007ffaa17f1000 	C:\Windows\System32\USER32.dll
0x00007ffaa0a70000 - 0x00007ffaa0a92000 	C:\Windows\System32\win32u.dll
0x00007ffaa2090000 - 0x00007ffaa20bb000 	C:\Windows\System32\GDI32.dll
0x00007ffaa06b0000 - 0x00007ffaa07bb000 	C:\Windows\System32\gdi32full.dll
0x00007ffaa0aa0000 - 0x00007ffaa0b3d000 	C:\Windows\System32\msvcp_win.dll
0x00007ffaa07c0000 - 0x00007ffaa08c0000 	C:\Windows\System32\ucrtbase.dll
0x00007ffa89880000 - 0x00007ffa89b1a000 	C:\Windows\WinSxS\amd64_microsoft.windows.common-controls_6595b64144ccf1df_6.0.19041.1110_none_60b5254171f9507e\COMCTL32.dll
0x00007ffaa1d80000 - 0x00007ffaa1db0000 	C:\Windows\System32\IMM32.DLL
0x0000000066600000 - 0x00000000666d2000 	D:\jdk\jdk-8.20..2\jre\bin\msvcr100.dll
0x0000000065d50000 - 0x00000000665f5000 	D:\jdk\jdk-8.20..2\jre\bin\server\jvm.dll
0x00007ffaa2e80000 - 0x00007ffaa2e88000 	C:\Windows\System32\PSAPI.DLL
0x00007ffa8d720000 - 0x00007ffa8d729000 	C:\Windows\SYSTEM32\WSOCK32.dll
0x00007ffaa2a00000 - 0x00007ffaa2a6b000 	C:\Windows\System32\WS2_32.dll
0x00007ffa8eb00000 - 0x00007ffa8eb27000 	C:\Windows\SYSTEM32\WINMM.dll
0x00007ffa955b0000 - 0x00007ffa955ba000 	C:\Windows\SYSTEM32\VERSION.dll
0x00007ffa9b770000 - 0x00007ffa9b77f000 	D:\jdk\jdk-8.20..2\jre\bin\verify.dll
0x00007ffa9add0000 - 0x00007ffa9adf9000 	D:\jdk\jdk-8.20..2\jre\bin\java.dll
0x00007ffa9ad40000 - 0x00007ffa9ad63000 	D:\jdk\jdk-8.20..2\jre\bin\instrument.dll
0x00007ffa9b520000 - 0x00007ffa9b536000 	D:\jdk\jdk-8.20..2\jre\bin\zip.dll
0x00007ffaa22c0000 - 0x00007ffaa29ff000 	C:\Windows\System32\SHELL32.dll
0x00007ffa9e7b0000 - 0x00007ffa9ef40000 	C:\Windows\SYSTEM32\windows.storage.dll
0x00007ffaa1220000 - 0x00007ffaa1575000 	C:\Windows\System32\combase.dll
0x00007ffaa0100000 - 0x00007ffaa012e000 	C:\Windows\SYSTEM32\Wldp.dll
0x00007ffaa1170000 - 0x00007ffaa121d000 	C:\Windows\System32\SHCORE.dll
0x00007ffaa2b10000 - 0x00007ffaa2b65000 	C:\Windows\System32\shlwapi.dll
0x00007ffaa05f0000 - 0x00007ffaa060f000 	C:\Windows\SYSTEM32\profapi.dll
0x00007ffa9adb0000 - 0x00007ffa9adca000 	D:\idea\bin\breakgen64.dll
0x00007ffa9ac90000 - 0x00007ffa9acaa000 	D:\jdk\jdk-8.20..2\jre\bin\net.dll
0x00007ffa8dee0000 - 0x00007ffa8e0cb000 	C:\Windows\SYSTEM32\urlmon.dll
0x00007ffa8d4a0000 - 0x00007ffa8d4c8000 	C:\Windows\SYSTEM32\srvcli.dll
0x00007ffa9fc60000 - 0x00007ffa9fc6c000 	C:\Windows\SYSTEM32\netutils.dll
0x00007ffa8eb90000 - 0x00007ffa8ee40000 	C:\Windows\SYSTEM32\iertutil.dll
0x00007ffa9fe60000 - 0x00007ffa9feca000 	C:\Windows\system32\mswsock.dll
0x00007ffa9fb40000 - 0x00007ffa9fc0b000 	C:\Windows\SYSTEM32\DNSAPI.dll
0x00007ffa9fb00000 - 0x00007ffa9fb3b000 	C:\Windows\SYSTEM32\IPHLPAPI.DLL
0x00007ffaa2e90000 - 0x00007ffaa2e98000 	C:\Windows\System32\NSI.dll
0x00007ffa96ca0000 - 0x00007ffa96d1f000 	C:\Windows\System32\fwpuclnt.dll
0x00007ffaa0e10000 - 0x00007ffaa0e37000 	C:\Windows\System32\bcrypt.dll
0x00007ffa9b760000 - 0x00007ffa9b76d000 	D:\jdk\jdk-8.20..2\jre\bin\management.dll
0x00007ffa99090000 - 0x00007ffa990a2000 	D:\jdk\jdk-8.20..2\jre\bin\nio.dll
0x00007ffaa0050000 - 0x00007ffaa0068000 	C:\Windows\SYSTEM32\CRYPTSP.dll
0x00007ffa9f770000 - 0x00007ffa9f7a4000 	C:\Windows\system32\rsaenh.dll
0x00007ffaa0570000 - 0x00007ffaa059e000 	C:\Windows\SYSTEM32\USERENV.dll
0x00007ffaa0e40000 - 0x00007ffaa0ec3000 	C:\Windows\System32\bcryptprimitives.dll
0x00007ffaa0070000 - 0x00007ffaa007c000 	C:\Windows\SYSTEM32\CRYPTBASE.dll
0x00007ffa98b20000 - 0x00007ffa98b37000 	C:\Windows\SYSTEM32\dhcpcsvc6.DLL
0x00007ffa98b00000 - 0x00007ffa98b1d000 	C:\Windows\SYSTEM32\dhcpcsvc.DLL
0x00007ffa86b40000 - 0x00007ffa86b57000 	C:\Windows\system32\napinsp.dll
0x00007ffa9b400000 - 0x00007ffa9b415000 	C:\Windows\system32\wshbth.dll
0x00007ffa9c0e0000 - 0x00007ffa9c0fd000 	C:\Windows\system32\NLAapi.dll
0x00007ffa86a50000 - 0x00007ffa86a62000 	C:\Windows\System32\winrnr.dll
0x00007ffa92160000 - 0x00007ffa92184000 	D:\jdk\jdk-8.20..2\jre\bin\sunec.dll
0x00007ffa9b500000 - 0x00007ffa9b50b000 	D:\jdk\jdk-8.20..2\jre\bin\sunmscapi.dll
0x00007ffaa0910000 - 0x00007ffaa0a66000 	C:\Windows\System32\CRYPT32.dll

VM Arguments:
jvm_args: -XX:TieredStopAtLevel=1 -Xverify:none -Dspring.output.ansi.enabled=always -Dcom.sun.management.jmxremote -Dspring.jmx.enabled=true -Dspring.liveBeansView.mbeanDomain -Dspring.application.admin.enabled=true -javaagent:D:\idea\lib\idea_rt.jar=3775:D:\idea\bin -Dfile.encoding=UTF-8 
java_command: com.yjxxt.crm.starter
java_class_path (initial): D:\jdk\jdk-8.20..2\jre\lib\charsets.jar;D:\jdk\jdk-8.20..2\jre\lib\deploy.jar;D:\jdk\jdk-8.20..2\jre\lib\ext\access-bridge-64.jar;D:\jdk\jdk-8.20..2\jre\lib\ext\cldrdata.jar;D:\jdk\jdk-8.20..2\jre\lib\ext\dnsns.jar;D:\jdk\jdk-8.20..2\jre\lib\ext\jaccess.jar;D:\jdk\jdk-8.20..2\jre\lib\ext\jfxrt.jar;D:\jdk\jdk-8.20..2\jre\lib\ext\localedata.jar;D:\jdk\jdk-8.20..2\jre\lib\ext\nashorn.jar;D:\jdk\jdk-8.20..2\jre\lib\ext\sunec.jar;D:\jdk\jdk-8.20..2\jre\lib\ext\sunjce_provider.jar;D:\jdk\jdk-8.20..2\jre\lib\ext\sunmscapi.jar;D:\jdk\jdk-8.20..2\jre\lib\ext\sunpkcs11.jar;D:\jdk\jdk-8.20..2\jre\lib\ext\zipfs.jar;D:\jdk\jdk-8.20..2\jre\lib\javaws.jar;D:\jdk\jdk-8.20..2\jre\lib\jce.jar;D:\jdk\jdk-8.20..2\jre\lib\jfr.jar;D:\jdk\jdk-8.20..2\jre\lib\jfxswt.jar;D:\jdk\jdk-8.20..2\jre\lib\jsse.jar;D:\jdk\jdk-8.20..2\jre\lib\management-agent.jar;D:\jdk\jdk-8.20..2\jre\lib\plugin.jar;D:\jdk\jdk-8.20..2\jre\lib\resources.jar;D:\jdk\jdk-8.20..2\jre\lib\rt.jar;E:\Biancheng\Java\1130crm_01\target\classes;D:\maven-repository\org\springframework\boot\spring-boot-starter-web\2.2.2.RELEASE\spring-boot-starter-web-2.2.2.RELEASE.jar;D:\maven-repository\org\springframework\boot\spring-boot-starter\2.2.2.RELEASE\spring-boot-starter-2.2.2.RELEASE.jar;D:\maven-repository\org\springframework\boot\spring-boot-starter-logging\2.2.2.RELEASE\spring-boot-starter-logging-2.2.2.RELEASE.jar;D:\maven-repository\ch\qos\logback\logback-classic\1.2.3\logback-classic-1.2.3.jar;D:\maven-repository\ch\qos\logback\logback-core\1.2.3\logback-core-1.2.3.jar;D:\maven-repository\org\apache\logging\log4j\log4j-to-slf4j\2.12.1\log4j-to-slf4j-2.12.1.jar;D:\maven-repository\org\apache\logging\log4j\log4j-api\2.12.1\log4j-api-2.12.1.jar;D:\maven-repository\org\slf4j\jul-to-slf4j\1.7.29\jul-to-slf4j-1.7.29.jar;D:\maven-repository\org\yaml\snakeyaml\1.25\snakeyaml-1.25.jar;D:\maven-repository\org\springframework\boot\spring-boot-starter-json\2.2.2.RELEASE\spring-boot-starter-json-2.2.2.RELEASE.ja
Launcher Type: SUN_STANDARD

Environment Variables:
JAVA_HOME=D:\jdk\jdk-8.20..2
PATH=C:\Program Files (x86)\Common Files\Oracle\Java\javapath;C:\Windows\system32;C:\Windows;C:\Windows\System32\Wbem;C:\Windows\System32\WindowsPowerShell\v1.0\;D:\jdk\jdk-8.20..2\bin;D:\maven-3.8.3\bin;C:\Users\ningmeng\AppData\Local\Microsoft\WindowsApps;;D:\idea\bin;
USERNAME=ningmeng
OS=Windows_NT
PROCESSOR_IDENTIFIER=Intel64 Family 6 Model 158 Stepping 10, GenuineIntel



---------------  S Y S T E M  ---------------

OS: Windows 10.0 , 64 bit Build 19041 (10.0.19041.1320)

CPU:total 12 (initial active 12) (6 cores per cpu, 2 threads per core) family 6 model 158 stepping 10, cmov, cx8, fxsr, mmx, sse, sse2, sse3, ssse3, sse4.1, sse4.2, popcnt, avx, avx2, aes, clmul, erms, 3dnowpref, lzcnt, ht, tsc, tscinvbit, bmi1, bmi2, adx

Memory: 4k page, physical 8231820k(1597524k free), swap 8231820k(5132k free)

vm_info: Java HotSpot(TM) 64-Bit Server VM (25.202-b08) for windows-amd64 JRE (1.8.0_202-b08), built on Dec 15 2018 19:54:30 by "java_re" with MS VC++ 10.0 (VS2010)

time: Wed Dec 01 21:49:57 2021
timezone: 中国标准时间
elapsed time: 17 seconds (0d 0h 0m 17s)

