#
# There is insufficient memory for the Java Runtime Environment to continue.
# Native memory allocation (malloc) failed to allocate 32744 bytes for ChunkPool::allocate
# Possible reasons:
#   The system is out of physical RAM or swap space
#   The process is running with CompressedOops enabled, and the Java Heap may be blocking the growth of the native heap
# Possible solutions:
#   Reduce memory load on the system
#   Increase physical memory or swap space
#   Check if swap backing store is full
#   Decrease Java heap size (-Xmx/-Xms)
#   Decrease number of Java threads
#   Decrease Java thread stack sizes (-Xss)
#   Set larger code cache with -XX:ReservedCodeCacheSize=
#   JVM is running with Unscaled Compressed Oops mode in which the Java heap is
#     placed in the first 4GB address space. The Java Heap base address is the
#     maximum limit for the native heap growth. Please use -XX:HeapBaseMinAddress
#     to set the Java Heap base and to place the Java Heap above 4GB virtual address.
# This output file may be truncated or incomplete.
#
#  Out of Memory Error (allocation.cpp:272), pid=9428, tid=0x00000000000015d0
#
# JRE version: Java(TM) SE Runtime Environment (8.0_202-b08) (build 1.8.0_202-b08)
# Java VM: Java HotSpot(TM) 64-Bit Server VM (25.202-b08 mixed mode windows-amd64 compressed oops)
# Failed to write core dump. Minidumps are not enabled by default on client versions of Windows
#

---------------  T H R E A D  ---------------

Current thread (0x000000001950f000):  JavaThread "C1 CompilerThread3" daemon [_thread_in_native, id=5584, stack(0x000000001ab70000,0x000000001ac70000)]

Stack: [0x000000001ab70000,0x000000001ac70000]
[error occurred during error reporting (printing stack bounds), id 0xc0000005]

Native frames: (J=compiled Java code, j=interpreted, Vv=VM code, C=native code)


Current CompileTask:
C1:   3694 2445       1       sun.misc.ProxyGenerator$ProxyMethod::generateMethod (733 bytes)


---------------  P R O C E S S  ---------------

Java Threads: ( => current thread )
  0x000000001cefb000 JavaThread "JMX server connection timeout 25" daemon [_thread_blocked, id=9440, stack(0x000000001bc20000,0x000000001bd20000)]
  0x000000001b215800 JavaThread "RMI Scheduler(0)" daemon [_thread_blocked, id=9656, stack(0x000000001c120000,0x000000001c220000)]
  0x000000001b211800 JavaThread "RMI TCP Connection(1)-192.168.4.237" daemon [_thread_in_native, id=9548, stack(0x000000001bd20000,0x000000001be20000)]
  0x000000001b1c5800 JavaThread "restartedMain" [_thread_in_vm, id=7412, stack(0x000000001bb20000,0x000000001bc20000)]
  0x000000001b1ba000 JavaThread "Thread-1" [_thread_blocked, id=6392, stack(0x000000001ba20000,0x000000001bb20000)]
  0x000000001af36000 JavaThread "RMI TCP Accept-0" daemon [_thread_in_native, id=5524, stack(0x000000001b570000,0x000000001b670000)]
  0x000000001acfb000 JavaThread "Service Thread" daemon [_thread_blocked, id=10424, stack(0x000000001b470000,0x000000001b570000)]
=>0x000000001950f000 JavaThread "C1 CompilerThread3" daemon [_thread_in_native, id=5584, stack(0x000000001ab70000,0x000000001ac70000)]
  0x0000000019506000 JavaThread "C2 CompilerThread2" daemon [_thread_blocked, id=6464, stack(0x000000001aa70000,0x000000001ab70000)]
  0x0000000019503800 JavaThread "C2 CompilerThread1" daemon [_thread_blocked, id=10412, stack(0x000000001a970000,0x000000001aa70000)]
  0x000000001945c000 JavaThread "C2 CompilerThread0" daemon [_thread_blocked, id=4672, stack(0x000000001a870000,0x000000001a970000)]
  0x00000000194fa800 JavaThread "Monitor Ctrl-Break" daemon [_thread_in_native, id=8972, stack(0x000000001a770000,0x000000001a870000)]
  0x00000000191b6000 JavaThread "Attach Listener" daemon [_thread_blocked, id=10364, stack(0x000000001a670000,0x000000001a770000)]
  0x0000000019212000 JavaThread "Signal Dispatcher" daemon [_thread_blocked, id=10360, stack(0x000000001a570000,0x000000001a670000)]
  0x000000000296e000 JavaThread "Finalizer" daemon [_thread_blocked, id=10328, stack(0x000000001a410000,0x000000001a510000)]
  0x0000000019193000 JavaThread "Reference Handler" daemon [_thread_blocked, id=3520, stack(0x000000001a310000,0x000000001a410000)]
  0x0000000002875800 JavaThread "main" [_thread_blocked, id=9772, stack(0x0000000002670000,0x0000000002770000)]

Other Threads:
  0x0000000019172800 VMThread [stack: 0x000000001a210000,0x000000001a310000] [id=10244]
  0x000000001af3e000 WatcherThread [stack: 0x000000001b670000,0x000000001b770000] [id=2008]

VM state:not at safepoint (normal execution)

VM Mutex/Monitor currently owned by a thread: None

heap address: 0x0000000082600000, size: 2010 MB, Compressed Oops mode: 32-bit
Narrow klass base: 0x0000000000000000, Narrow klass shift: 3
Compressed class space size: 1073741824 Address: 0x0000000100000000

Heap:
 PSYoungGen      total 37888K, used 18575K [0x00000000d6200000, 0x00000000d8c00000, 0x0000000100000000)
  eden space 32768K, 56% used [0x00000000d6200000,0x00000000d7423fb0,0x00000000d8200000)
  from space 5120K, 0% used [0x00000000d8700000,0x00000000d8700000,0x00000000d8c00000)
  to   space 5120K, 0% used [0x00000000d8200000,0x00000000d8200000,0x00000000d8700000)
 ParOldGen       total 42496K, used 8346K [0x0000000082600000, 0x0000000084f80000, 0x00000000d6200000)
  object space 42496K, 19% used [0x0000000082600000,0x0000000082e26938,0x0000000084f80000)
 Metaspace       used 25503K, capacity 26784K, committed 26968K, reserved 1075200K
  class space    used 3482K, capacity 3792K, committed 3840K, reserved 1048576K

Card table byte_map: [0x0000000011d30000,0x0000000012120000] byte_map_base: 0x000000001191d000

Marking Bits: (ParMarkBitMap*) 0x0000000077675ce0
 Begin Bits: [0x0000000012dc0000, 0x0000000014d28000)
 End Bits:   [0x0000000014d28000, 0x0000000016c90000)

Polling page: 0x0000000000970000

CodeCache: size=245760Kb used=4913Kb max_used=4913Kb free=240846Kb
 bounds [0x0000000002970000, 0x0000000002e40000, 0x0000000011970000]
 total_blobs=2858 nmethods=2441 adapters=329
 compilation: enabled

Compilation events (10 events):
Event: 3.672 Thread 0x000000001950f000 nmethod 2437 0x0000000002e3b450 code [0x0000000002e3b5c0, 0x0000000002e3b7b8]
Event: 3.672 Thread 0x000000001950f000 2440       1       java.lang.reflect.AnnotatedElement::isAnnotationPresent (16 bytes)
Event: 3.672 Thread 0x000000001950f000 nmethod 2440 0x0000000002e3b910 code [0x0000000002e3ba60, 0x0000000002e3bba8]
Event: 3.672 Thread 0x000000001950f000 2439       1       java.lang.reflect.AccessibleObject::isAnnotationPresent (6 bytes)
Event: 3.672 Thread 0x000000001950f000 nmethod 2439 0x0000000002e3bc10 code [0x0000000002e3bd60, 0x0000000002e3bea8]
Event: 3.672 Thread 0x000000001950f000 2438       1       java.lang.reflect.Field::getDeclaringClass (5 bytes)
Event: 3.673 Thread 0x000000001950f000 nmethod 2438 0x0000000002e3bf50 code [0x0000000002e3c0a0, 0x0000000002e3c1b0]
Event: 3.678 Thread 0x000000001950f000 2441       1       java.lang.reflect.Constructor::hashCode (11 bytes)
Event: 3.678 Thread 0x000000001950f000 nmethod 2441 0x0000000002e3c210 code [0x0000000002e3c380, 0x0000000002e3c518]
Event: 3.678 Thread 0x000000001950f000 2445       1       sun.misc.ProxyGenerator$ProxyMethod::generateMethod (733 bytes)

GC Heap History (10 events):
Event: 2.330 GC heap before
{Heap before GC invocations=6 (full 1):
 PSYoungGen      total 37888K, used 36303K [0x00000000d6200000, 0x00000000d8c00000, 0x0000000100000000)
  eden space 32768K, 100% used [0x00000000d6200000,0x00000000d8200000,0x00000000d8200000)
  from space 5120K, 69% used [0x00000000d8700000,0x00000000d8a73f10,0x00000000d8c00000)
  to   space 5120K, 0% used [0x00000000d8200000,0x00000000d8200000,0x00000000d8700000)
 ParOldGen       total 42496K, used 3983K [0x0000000082600000, 0x0000000084f80000, 0x00000000d6200000)
  object space 42496K, 9% used [0x0000000082600000,0x00000000829e3c80,0x0000000084f80000)
 Metaspace       used 20827K, capacity 21550K, committed 21760K, reserved 1069056K
  class space    used 2806K, capacity 3006K, committed 3072K, reserved 1048576K
Event: 2.335 GC heap after
Heap after GC invocations=6 (full 1):
 PSYoungGen      total 37888K, used 5110K [0x00000000d6200000, 0x00000000d8c00000, 0x0000000100000000)
  eden space 32768K, 0% used [0x00000000d6200000,0x00000000d6200000,0x00000000d8200000)
  from space 5120K, 99% used [0x00000000d8200000,0x00000000d86fd8d8,0x00000000d8700000)
  to   space 5120K, 0% used [0x00000000d8700000,0x00000000d8700000,0x00000000d8c00000)
 ParOldGen       total 42496K, used 4115K [0x0000000082600000, 0x0000000084f80000, 0x00000000d6200000)
  object space 42496K, 9% used [0x0000000082600000,0x0000000082a04fe0,0x0000000084f80000)
 Metaspace       used 20827K, capacity 21550K, committed 21760K, reserved 1069056K
  class space    used 2806K, capacity 3006K, committed 3072K, reserved 1048576K
}
Event: 2.737 GC heap before
{Heap before GC invocations=7 (full 1):
 PSYoungGen      total 37888K, used 37878K [0x00000000d6200000, 0x00000000d8c00000, 0x0000000100000000)
  eden space 32768K, 100% used [0x00000000d6200000,0x00000000d8200000,0x00000000d8200000)
  from space 5120K, 99% used [0x00000000d8200000,0x00000000d86fd8d8,0x00000000d8700000)
  to   space 5120K, 0% used [0x00000000d8700000,0x00000000d8700000,0x00000000d8c00000)
 ParOldGen       total 42496K, used 4115K [0x0000000082600000, 0x0000000084f80000, 0x00000000d6200000)
  object space 42496K, 9% used [0x0000000082600000,0x0000000082a04fe0,0x0000000084f80000)
 Metaspace       used 22318K, capacity 23314K, committed 23552K, reserved 1071104K
  class space    used 3014K, capacity 3227K, committed 3328K, reserved 1048576K
Event: 2.742 GC heap after
Heap after GC invocations=7 (full 1):
 PSYoungGen      total 37888K, used 4680K [0x00000000d6200000, 0x00000000d8c00000, 0x0000000100000000)
  eden space 32768K, 0% used [0x00000000d6200000,0x00000000d6200000,0x00000000d8200000)
  from space 5120K, 91% used [0x00000000d8700000,0x00000000d8b92098,0x00000000d8c00000)
  to   space 5120K, 0% used [0x00000000d8200000,0x00000000d8200000,0x00000000d8700000)
 ParOldGen       total 42496K, used 4123K [0x0000000082600000, 0x0000000084f80000, 0x00000000d6200000)
  object space 42496K, 9% used [0x0000000082600000,0x0000000082a06fe0,0x0000000084f80000)
 Metaspace       used 22318K, capacity 23314K, committed 23552K, reserved 1071104K
  class space    used 3014K, capacity 3227K, committed 3328K, reserved 1048576K
}
Event: 3.089 GC heap before
{Heap before GC invocations=8 (full 1):
 PSYoungGen      total 37888K, used 37448K [0x00000000d6200000, 0x00000000d8c00000, 0x0000000100000000)
  eden space 32768K, 100% used [0x00000000d6200000,0x00000000d8200000,0x00000000d8200000)
  from space 5120K, 91% used [0x00000000d8700000,0x00000000d8b92098,0x00000000d8c00000)
  to   space 5120K, 0% used [0x00000000d8200000,0x00000000d8200000,0x00000000d8700000)
 ParOldGen       total 42496K, used 4123K [0x0000000082600000, 0x0000000084f80000, 0x00000000d6200000)
  object space 42496K, 9% used [0x0000000082600000,0x0000000082a06fe0,0x0000000084f80000)
 Metaspace       used 23401K, capacity 24474K, committed 24704K, reserved 1071104K
  class space    used 3177K, capacity 3393K, committed 3456K, reserved 1048576K
Event: 3.094 GC heap after
Heap after GC invocations=8 (full 1):
 PSYoungGen      total 37888K, used 5107K [0x00000000d6200000, 0x00000000d8c00000, 0x0000000100000000)
  eden space 32768K, 0% used [0x00000000d6200000,0x00000000d6200000,0x00000000d8200000)
  from space 5120K, 99% used [0x00000000d8200000,0x00000000d86fccd8,0x00000000d8700000)
  to   space 5120K, 0% used [0x00000000d8700000,0x00000000d8700000,0x00000000d8c00000)
 ParOldGen       total 42496K, used 4323K [0x0000000082600000, 0x0000000084f80000, 0x00000000d6200000)
  object space 42496K, 10% used [0x0000000082600000,0x0000000082a38c08,0x0000000084f80000)
 Metaspace       used 23401K, capacity 24474K, committed 24704K, reserved 1071104K
  class space    used 3177K, capacity 3393K, committed 3456K, reserved 1048576K
}
Event: 3.275 GC heap before
{Heap before GC invocations=9 (full 1):
 PSYoungGen      total 37888K, used 19735K [0x00000000d6200000, 0x00000000d8c00000, 0x0000000100000000)
  eden space 32768K, 44% used [0x00000000d6200000,0x00000000d70491b0,0x00000000d8200000)
  from space 5120K, 99% used [0x00000000d8200000,0x00000000d86fccd8,0x00000000d8700000)
  to   space 5120K, 0% used [0x00000000d8700000,0x00000000d8700000,0x00000000d8c00000)
 ParOldGen       total 42496K, used 4323K [0x0000000082600000, 0x0000000084f80000, 0x00000000d6200000)
  object space 42496K, 10% used [0x0000000082600000,0x0000000082a38c08,0x0000000084f80000)
 Metaspace       used 23996K, capacity 25044K, committed 25176K, reserved 1073152K
  class space    used 3274K, capacity 3492K, committed 3584K, reserved 1048576K
Event: 3.281 GC heap after
Heap after GC invocations=9 (full 1):
 PSYoungGen      total 37888K, used 3998K [0x00000000d6200000, 0x00000000d8c00000, 0x0000000100000000)
  eden space 32768K, 0% used [0x00000000d6200000,0x00000000d6200000,0x00000000d8200000)
  from space 5120K, 78% used [0x00000000d8700000,0x00000000d8ae7b38,0x00000000d8c00000)
  to   space 5120K, 0% used [0x00000000d8200000,0x00000000d8200000,0x00000000d8700000)
 ParOldGen       total 42496K, used 5285K [0x0000000082600000, 0x0000000084f80000, 0x00000000d6200000)
  object space 42496K, 12% used [0x0000000082600000,0x0000000082b29638,0x0000000084f80000)
 Metaspace       used 23996K, capacity 25044K, committed 25176K, reserved 1073152K
  class space    used 3274K, capacity 3492K, committed 3584K, reserved 1048576K
}
Event: 3.281 GC heap before
{Heap before GC invocations=10 (full 2):
 PSYoungGen      total 37888K, used 3998K [0x00000000d6200000, 0x00000000d8c00000, 0x0000000100000000)
  eden space 32768K, 0% used [0x00000000d6200000,0x00000000d6200000,0x00000000d8200000)
  from space 5120K, 78% used [0x00000000d8700000,0x00000000d8ae7b38,0x00000000d8c00000)
  to   space 5120K, 0% used [0x00000000d8200000,0x00000000d8200000,0x00000000d8700000)
 ParOldGen       total 42496K, used 5285K [0x0000000082600000, 0x0000000084f80000, 0x00000000d6200000)
  object space 42496K, 12% used [0x0000000082600000,0x0000000082b29638,0x0000000084f80000)
 Metaspace       used 23996K, capacity 25044K, committed 25176K, reserved 1073152K
  class space    used 3274K, capacity 3492K, committed 3584K, reserved 1048576K
Event: 3.413 GC heap after
Heap after GC invocations=10 (full 2):
 PSYoungGen      total 37888K, used 0K [0x00000000d6200000, 0x00000000d8c00000, 0x0000000100000000)
  eden space 32768K, 0% used [0x00000000d6200000,0x00000000d6200000,0x00000000d8200000)
  from space 5120K, 0% used [0x00000000d8700000,0x00000000d8700000,0x00000000d8c00000)
  to   space 5120K, 0% used [0x00000000d8200000,0x00000000d8200000,0x00000000d8700000)
 ParOldGen       total 42496K, used 8346K [0x0000000082600000, 0x0000000084f80000, 0x00000000d6200000)
  object space 42496K, 19% used [0x0000000082600000,0x0000000082e26938,0x0000000084f80000)
 Metaspace       used 23996K, capacity 25044K, committed 25176K, reserved 1073152K
  class space    used 3274K, capacity 3492K, committed 3584K, reserved 1048576K
}

Deoptimization events (0 events):
No events

Classes redefined (0 events):
No events

Internal exceptions (10 events):
Event: 3.437 Thread 0x000000001b1c5800 Exception <a 'java/lang/ClassNotFoundException': org/springframework/beans/factory/config/BeanFactoryPostProcessorCustomizer> (0x00000000d63d09b8) thrown at [C:\re\workspace\8-2-build-windows-amd64-cygwin\jdk8u202\12323\hotspot\src\share\vm\classfile\syst
Event: 3.438 Thread 0x000000001b1c5800 Exception <a 'java/lang/ClassNotFoundException': org/springframework/beans/factory/InitializingBeanCustomizer> (0x00000000d63e6e88) thrown at [C:\re\workspace\8-2-build-windows-amd64-cygwin\jdk8u202\12323\hotspot\src\share\vm\classfile\systemDictionary.cp
Event: 3.438 Thread 0x000000001b1c5800 Exception <a 'java/lang/ClassNotFoundException': org/springframework/context/ApplicationContextAwareCustomizer> (0x00000000d63fd3f0) thrown at [C:\re\workspace\8-2-build-windows-amd64-cygwin\jdk8u202\12323\hotspot\src\share\vm\classfile\systemDictionary.c
Event: 3.439 Thread 0x000000001b1c5800 Exception <a 'java/lang/ClassNotFoundException': org/springframework/beans/factory/AwareCustomizer> (0x00000000d64113d0) thrown at [C:\re\workspace\8-2-build-windows-amd64-cygwin\jdk8u202\12323\hotspot\src\share\vm\classfile\systemDictionary.cpp, line 210
Event: 3.439 Thread 0x000000001b1c5800 Exception <a 'java/lang/ClassNotFoundException': org/springframework/beans/factory/BeanNameAwareCustomizer> (0x00000000d6425c08) thrown at [C:\re\workspace\8-2-build-windows-amd64-cygwin\jdk8u202\12323\hotspot\src\share\vm\classfile\systemDictionary.cpp, 
Event: 3.440 Thread 0x000000001b1c5800 Exception <a 'java/lang/ClassNotFoundException': org/springframework/beans/factory/AwareCustomizer> (0x00000000d64395d0) thrown at [C:\re\workspace\8-2-build-windows-amd64-cygwin\jdk8u202\12323\hotspot\src\share\vm\classfile\systemDictionary.cpp, line 210
Event: 3.455 Thread 0x000000001b1c5800 Exception <a 'java/lang/NoSuchMethodError': org.slf4j.impl.StaticMarkerBinder.getSingleton()Lorg/slf4j/impl/StaticMarkerBinder;> (0x00000000d652c6e8) thrown at [C:\re\workspace\8-2-build-windows-amd64-cygwin\jdk8u202\12323\hotspot\src\share\vm\interpreter
Event: 3.462 Thread 0x000000001b1c5800 Exception <a 'java/lang/ArrayIndexOutOfBoundsException'> (0x00000000d657dad0) thrown at [C:\re\workspace\8-2-build-windows-amd64-cygwin\jdk8u202\12323\hotspot\src\share\vm\runtime\sharedRuntime.cpp, line 605]
Event: 3.646 Thread 0x000000001b1c5800 Exception <a 'java/lang/ArrayIndexOutOfBoundsException'> (0x00000000d714bec0) thrown at [C:\re\workspace\8-2-build-windows-amd64-cygwin\jdk8u202\12323\hotspot\src\share\vm\runtime\sharedRuntime.cpp, line 605]
Event: 3.649 Thread 0x000000001b1c5800 Exception <a 'java/lang/ArrayIndexOutOfBoundsException'> (0x00000000d716a958) thrown at [C:\re\workspace\8-2-build-windows-amd64-cygwin\jdk8u202\12323\hotspot\src\share\vm\runtime\sharedRuntime.cpp, line 605]

Events (10 events):
Event: 3.681 loading class org/springframework/core/annotation/MergedAnnotation
Event: 3.681 loading class org/springframework/core/annotation/MergedAnnotation done
Event: 3.682 loading class org/springframework/aop/aspectj/annotation/AspectJAdvisorFactory
Event: 3.682 loading class org/springframework/aop/aspectj/annotation/AspectJAdvisorFactory done
Event: 3.683 loading class org/springframework/aop/framework/autoproxy/TargetSourceCreator
Event: 3.683 loading class org/springframework/aop/framework/autoproxy/TargetSourceCreator done
Event: 3.683 loading class org/springframework/aop/framework/adapter/AdvisorAdapterRegistry
Event: 3.683 loading class org/springframework/aop/framework/adapter/AdvisorAdapterRegistry done
Event: 3.684 loading class org/springframework/aop/aspectj/autoproxy/AspectJPrecedenceComparator
Event: 3.684 loading class org/springframework/aop/aspectj/autoproxy/AspectJPrecedenceComparator done


Dynamic libraries:
0x00007ff66ea60000 - 0x00007ff66ea97000 	D:\jdk\jdk-8.20..2\bin\java.exe
0x00007ffd35290000 - 0x00007ffd35485000 	C:\Windows\SYSTEM32\ntdll.dll
0x00007ffd339e0000 - 0x00007ffd33a9e000 	C:\Windows\System32\KERNEL32.DLL
0x00007ffd32b60000 - 0x00007ffd32e28000 	C:\Windows\System32\KERNELBASE.dll
0x00007ffd33440000 - 0x00007ffd334ec000 	C:\Windows\System32\ADVAPI32.dll
0x00007ffd344f0000 - 0x00007ffd3458e000 	C:\Windows\System32\msvcrt.dll
0x00007ffd335e0000 - 0x00007ffd3367b000 	C:\Windows\System32\sechost.dll
0x00007ffd35120000 - 0x00007ffd3524a000 	C:\Windows\System32\RPCRT4.dll
0x00007ffd34340000 - 0x00007ffd344e1000 	C:\Windows\System32\USER32.dll
0x00007ffd330f0000 - 0x00007ffd33112000 	C:\Windows\System32\win32u.dll
0x00007ffd33680000 - 0x00007ffd336ab000 	C:\Windows\System32\GDI32.dll
0x00007ffd32e30000 - 0x00007ffd32f3b000 	C:\Windows\System32\gdi32full.dll
0x00007ffd32a40000 - 0x00007ffd32add000 	C:\Windows\System32\msvcp_win.dll
0x00007ffd32f40000 - 0x00007ffd33040000 	C:\Windows\System32\ucrtbase.dll
0x00007ffd1c290000 - 0x00007ffd1c52a000 	C:\Windows\WinSxS\amd64_microsoft.windows.common-controls_6595b64144ccf1df_6.0.19041.1110_none_60b5254171f9507e\COMCTL32.dll
0x00007ffd332e0000 - 0x00007ffd33310000 	C:\Windows\System32\IMM32.DLL
0x0000000050290000 - 0x0000000050362000 	D:\jdk\jdk-8.20..2\jre\bin\msvcr100.dll
0x0000000076e50000 - 0x00000000776f5000 	D:\jdk\jdk-8.20..2\jre\bin\server\jvm.dll
0x00007ffd33800000 - 0x00007ffd33808000 	C:\Windows\System32\PSAPI.DLL
0x00007ffd2da20000 - 0x00007ffd2da29000 	C:\Windows\SYSTEM32\WSOCK32.dll
0x00007ffd200a0000 - 0x00007ffd200c7000 	C:\Windows\SYSTEM32\WINMM.dll
0x00007ffd342d0000 - 0x00007ffd3433b000 	C:\Windows\System32\WS2_32.dll
0x00007ffd249a0000 - 0x00007ffd249aa000 	C:\Windows\SYSTEM32\VERSION.dll
0x00007ffd302a0000 - 0x00007ffd302af000 	D:\jdk\jdk-8.20..2\jre\bin\verify.dll
0x00007ffd2d650000 - 0x00007ffd2d679000 	D:\jdk\jdk-8.20..2\jre\bin\java.dll
0x00007ffd2bce0000 - 0x00007ffd2bd03000 	D:\jdk\jdk-8.20..2\jre\bin\instrument.dll
0x00007ffd2d0c0000 - 0x00007ffd2d0d6000 	D:\jdk\jdk-8.20..2\jre\bin\zip.dll
0x00007ffd33b90000 - 0x00007ffd342cf000 	C:\Windows\System32\SHELL32.dll
0x00007ffd30ab0000 - 0x00007ffd31240000 	C:\Windows\SYSTEM32\windows.storage.dll
0x00007ffd34c10000 - 0x00007ffd34f65000 	C:\Windows\System32\combase.dll
0x00007ffd32400000 - 0x00007ffd3242e000 	C:\Windows\SYSTEM32\Wldp.dll
0x00007ffd33310000 - 0x00007ffd333bd000 	C:\Windows\System32\SHCORE.dll
0x00007ffd33ac0000 - 0x00007ffd33b15000 	C:\Windows\System32\shlwapi.dll
0x00007ffd328f0000 - 0x00007ffd3290f000 	C:\Windows\SYSTEM32\profapi.dll
0x00007ffd2bcc0000 - 0x00007ffd2bcda000 	D:\idea\bin\breakgen64.dll
0x00007ffd20b00000 - 0x00007ffd20b1a000 	D:\jdk\jdk-8.20..2\jre\bin\net.dll
0x00007ffd20e90000 - 0x00007ffd2107b000 	C:\Windows\SYSTEM32\urlmon.dll
0x00007ffd21a90000 - 0x00007ffd21d40000 	C:\Windows\SYSTEM32\iertutil.dll
0x00007ffd20d00000 - 0x00007ffd20d28000 	C:\Windows\SYSTEM32\srvcli.dll
0x00007ffd31f40000 - 0x00007ffd31f4c000 	C:\Windows\SYSTEM32\netutils.dll
0x00007ffd32160000 - 0x00007ffd321ca000 	C:\Windows\system32\mswsock.dll
0x00007ffd31e20000 - 0x00007ffd31eeb000 	C:\Windows\SYSTEM32\DNSAPI.dll
0x00007ffd31de0000 - 0x00007ffd31e1b000 	C:\Windows\SYSTEM32\IPHLPAPI.DLL
0x00007ffd33b20000 - 0x00007ffd33b28000 	C:\Windows\System32\NSI.dll
0x00007ffd27890000 - 0x00007ffd2790f000 	C:\Windows\System32\fwpuclnt.dll
0x00007ffd32ae0000 - 0x00007ffd32b07000 	C:\Windows\System32\bcrypt.dll
0x00007ffd2bcb0000 - 0x00007ffd2bcbd000 	D:\jdk\jdk-8.20..2\jre\bin\management.dll
0x00007ffd1e1c0000 - 0x00007ffd1e1d2000 	D:\jdk\jdk-8.20..2\jre\bin\nio.dll
0x00007ffd32360000 - 0x00007ffd32378000 	C:\Windows\SYSTEM32\CRYPTSP.dll
0x00007ffd31a10000 - 0x00007ffd31a44000 	C:\Windows\system32\rsaenh.dll
0x00007ffd32870000 - 0x00007ffd3289e000 	C:\Windows\SYSTEM32\USERENV.dll
0x00007ffd329b0000 - 0x00007ffd32a33000 	C:\Windows\System32\bcryptprimitives.dll
0x00007ffd32350000 - 0x00007ffd3235c000 	C:\Windows\SYSTEM32\CRYPTBASE.dll
0x00007ffd2adc0000 - 0x00007ffd2add7000 	C:\Windows\SYSTEM32\dhcpcsvc6.DLL
0x00007ffd2ada0000 - 0x00007ffd2adbd000 	C:\Windows\SYSTEM32\dhcpcsvc.DLL
0x00007ffd196b0000 - 0x00007ffd196c7000 	C:\Windows\system32\napinsp.dll
0x00007ffd2d090000 - 0x00007ffd2d0a5000 	C:\Windows\system32\wshbth.dll
0x00007ffd2e3e0000 - 0x00007ffd2e3fd000 	C:\Windows\system32\NLAapi.dll
0x00007ffd195a0000 - 0x00007ffd195b2000 	C:\Windows\System32\winrnr.dll

VM Arguments:
jvm_args: -XX:TieredStopAtLevel=1 -Xverify:none -Dspring.output.ansi.enabled=always -Dcom.sun.management.jmxremote -Dspring.jmx.enabled=true -Dspring.liveBeansView.mbeanDomain -Dspring.application.admin.enabled=true -javaagent:D:\idea\lib\idea_rt.jar=2414:D:\idea\bin -Dfile.encoding=UTF-8 
java_command: com.yjxxt.crm.starter
java_class_path (initial): D:\jdk\jdk-8.20..2\jre\lib\charsets.jar;D:\jdk\jdk-8.20..2\jre\lib\deploy.jar;D:\jdk\jdk-8.20..2\jre\lib\ext\access-bridge-64.jar;D:\jdk\jdk-8.20..2\jre\lib\ext\cldrdata.jar;D:\jdk\jdk-8.20..2\jre\lib\ext\dnsns.jar;D:\jdk\jdk-8.20..2\jre\lib\ext\jaccess.jar;D:\jdk\jdk-8.20..2\jre\lib\ext\jfxrt.jar;D:\jdk\jdk-8.20..2\jre\lib\ext\localedata.jar;D:\jdk\jdk-8.20..2\jre\lib\ext\nashorn.jar;D:\jdk\jdk-8.20..2\jre\lib\ext\sunec.jar;D:\jdk\jdk-8.20..2\jre\lib\ext\sunjce_provider.jar;D:\jdk\jdk-8.20..2\jre\lib\ext\sunmscapi.jar;D:\jdk\jdk-8.20..2\jre\lib\ext\sunpkcs11.jar;D:\jdk\jdk-8.20..2\jre\lib\ext\zipfs.jar;D:\jdk\jdk-8.20..2\jre\lib\javaws.jar;D:\jdk\jdk-8.20..2\jre\lib\jce.jar;D:\jdk\jdk-8.20..2\jre\lib\jfr.jar;D:\jdk\jdk-8.20..2\jre\lib\jfxswt.jar;D:\jdk\jdk-8.20..2\jre\lib\jsse.jar;D:\jdk\jdk-8.20..2\jre\lib\management-agent.jar;D:\jdk\jdk-8.20..2\jre\lib\plugin.jar;D:\jdk\jdk-8.20..2\jre\lib\resources.jar;D:\jdk\jdk-8.20..2\jre\lib\rt.jar;E:\Biancheng\Java\1130crm_01\target\classes;D:\maven-repository\org\springframework\boot\spring-boot-starter-web\2.2.2.RELEASE\spring-boot-starter-web-2.2.2.RELEASE.jar;D:\maven-repository\org\springframework\boot\spring-boot-starter\2.2.2.RELEASE\spring-boot-starter-2.2.2.RELEASE.jar;D:\maven-repository\org\springframework\boot\spring-boot-starter-logging\2.2.2.RELEASE\spring-boot-starter-logging-2.2.2.RELEASE.jar;D:\maven-repository\ch\qos\logback\logback-classic\1.2.3\logback-classic-1.2.3.jar;D:\maven-repository\ch\qos\logback\logback-core\1.2.3\logback-core-1.2.3.jar;D:\maven-repository\org\apache\logging\log4j\log4j-to-slf4j\2.12.1\log4j-to-slf4j-2.12.1.jar;D:\maven-repository\org\apache\logging\log4j\log4j-api\2.12.1\log4j-api-2.12.1.jar;D:\maven-repository\org\slf4j\jul-to-slf4j\1.7.29\jul-to-slf4j-1.7.29.jar;D:\maven-repository\org\yaml\snakeyaml\1.25\snakeyaml-1.25.jar;D:\maven-repository\org\springframework\boot\spring-boot-starter-json\2.2.2.RELEASE\spring-boot-starter-json-2.2.2.RELEASE.ja
Launcher Type: SUN_STANDARD

Environment Variables:
JAVA_HOME=D:\jdk\jdk-8.20..2
PATH=C:\Program Files (x86)\Common Files\Oracle\Java\javapath;C:\Windows\system32;C:\Windows;C:\Windows\System32\Wbem;C:\Windows\System32\WindowsPowerShell\v1.0\;D:\jdk\jdk-8.20..2\bin;D:\maven-3.8.3\bin;C:\Users\ningmeng\AppData\Local\Microsoft\WindowsApps;;D:\idea\bin;
USERNAME=ningmeng
OS=Windows_NT
PROCESSOR_IDENTIFIER=Intel64 Family 6 Model 158 Stepping 10, GenuineIntel



---------------  S Y S T E M  ---------------

OS: Windows 10.0 , 64 bit Build 19041 (10.0.19041.1320)

CPU:total 12 (initial active 12) (6 cores per cpu, 2 threads per core) family 6 model 158 stepping 10, cmov, cx8, fxsr, mmx, sse, sse2, sse3, ssse3, sse4.1, sse4.2, popcnt, avx, avx2, aes, clmul, erms, 3dnowpref, lzcnt, ht, tsc, tscinvbit, bmi1, bmi2, adx

Memory: 4k page, physical 8231820k(1528224k free), swap 8231820k(3072k free)

vm_info: Java HotSpot(TM) 64-Bit Server VM (25.202-b08) for windows-amd64 JRE (1.8.0_202-b08), built on Dec 15 2018 19:54:30 by "java_re" with MS VC++ 10.0 (VS2010)

time: Wed Dec 01 14:19:10 2021
timezone: 中国标准时间
elapsed time: 3 seconds (0d 0h 0m 3s)

